<?xml version="1.0" encoding="UTF-8"?>
<testsuite name="WorkerTest" tests="13" skipped="0" failures="0" errors="0" timestamp="2021-12-19T16:24:47" hostname="ALIS_LAPTOP" time="1.471">
  <properties/>
  <testcase name="test10()" classname="WorkerTest" time="0.44"/>
  <testcase name="test11()" classname="WorkerTest" time="0.093"/>
  <testcase name="test12()" classname="WorkerTest" time="0.096"/>
  <testcase name="test13()" classname="WorkerTest" time="0.078"/>
  <testcase name="test1()" classname="WorkerTest" time="0.072"/>
  <testcase name="test2()" classname="WorkerTest" time="0.097"/>
  <testcase name="test3()" classname="WorkerTest" time="0.096"/>
  <testcase name="test4()" classname="WorkerTest" time="0.078"/>
  <testcase name="test5()" classname="WorkerTest" time="0.08"/>
  <testcase name="test6()" classname="WorkerTest" time="0.079"/>
  <testcase name="test7()" classname="WorkerTest" time="0.082"/>
  <testcase name="test8()" classname="WorkerTest" time="0.088"/>
  <testcase name="test9()" classname="WorkerTest" time="0.079"/>
  <system-out><![CDATA[]]></system-out>
  <system-err><![CDATA[]]></system-err>
</testsuite>
