<?xml version="1.0" encoding="UTF-8"?>
<testsuite name="WorkerTest" tests="13" skipped="0" failures="0" errors="0" timestamp="2021-12-04T13:56:04" hostname="ALIS_LAPTOP" time="1.493">
  <properties/>
  <testcase name="test10()" classname="WorkerTest" time="0.464"/>
  <testcase name="test11()" classname="WorkerTest" time="0.102"/>
  <testcase name="test12()" classname="WorkerTest" time="0.106"/>
  <testcase name="test13()" classname="WorkerTest" time="0.08"/>
  <testcase name="test1()" classname="WorkerTest" time="0.066"/>
  <testcase name="test2()" classname="WorkerTest" time="0.123"/>
  <testcase name="test3()" classname="WorkerTest" time="0.084"/>
  <testcase name="test4()" classname="WorkerTest" time="0.07"/>
  <testcase name="test5()" classname="WorkerTest" time="0.082"/>
  <testcase name="test6()" classname="WorkerTest" time="0.078"/>
  <testcase name="test7()" classname="WorkerTest" time="0.075"/>
  <testcase name="test8()" classname="WorkerTest" time="0.075"/>
  <testcase name="test9()" classname="WorkerTest" time="0.077"/>
  <system-out><![CDATA[]]></system-out>
  <system-err><![CDATA[]]></system-err>
</testsuite>
